<?xml version="1.0" encoding="UTF-8"?>
<testng-results ignored="0" total="1" passed="1" failed="0" skipped="0">
  <reporter-output>
  </reporter-output>
  <suite started-at="2020-10-16T11:02:13 AEDT" name="Default suite" finished-at="2020-10-16T11:02:34 AEDT" duration-ms="20514">
    <groups>
    </groups>
    <test started-at="2020-10-16T11:02:13 AEDT" name="Default test" finished-at="2020-10-16T11:02:34 AEDT" duration-ms="20514">
      <class name="TravelMoneyCardTest">
        <test-method signature="TravelMoneyCard()[pri:0, instance:TravelMoneyCardTest@78dd667e]" started-at="2020-10-16T11:02:13 AEDT" name="TravelMoneyCard" finished-at="2020-10-16T11:02:34 AEDT" duration-ms="20476" status="PASS">
          <reporter-output>
          </reporter-output>
        </test-method> <!-- TravelMoneyCard -->
      </class> <!-- TravelMoneyCardTest -->
    </test> <!-- Default test -->
  </suite> <!-- Default suite -->
</testng-results>
